<?xml version='1.0' encoding='UTF-8'?>
<testsuite hostname="DeV" name="controllers.HomeControllerTest" tests="11" errors="0" failures="0" skipped="0" time="4.113" timestamp="2024-12-01T23:00:53">
          <properties>
      <property name="java.specification.version" value="19"/><property name="sun.cpu.isalist" value="amd64"/><property name="sun.jnu.encoding" value="Cp1252"/><property name="sun.arch.data.model" value="64"/><property name="java.vendor.url" value="https://java.oracle.com/"/><property name="sun.boot.library.path" value="C:\Program Files\Java\jdk-19\bin"/><property name="sun.java.command" value="xsbt.boot.Boot test"/><property name="jdk.debug" value="release"/><property name="java.specification.vendor" value="Oracle Corporation"/><property name="java.version.date" value="2023-01-17"/><property name="java.home" value="C:\Program Files\Java\jdk-19"/><property name="file.separator" value="\"/><property name="java.vm.compressedOopsMode" value="32-bit"/><property name="line.separator" value="
"/><property name="java.vm.specification.vendor" value="Oracle Corporation"/><property name="java.specification.name" value="Java Platform API Specification"/><property name="user.script" value=""/><property name="sun.management.compiler" value="HotSpot 64-Bit Tiered Compilers"/><property name="java.runtime.version" value="19.0.2+7-44"/><property name="user.name" value="Dev Patel"/><property name="log4j.ignoreTCL" value="true"/><property name="file.encoding" value="UTF-8"/><property name="jnidispatch.path" value="C:\Users\DEVPAT~1\AppData\Local\Temp\jna--78396289\jna7161557486985995685.dll"/><property name="jna.loaded" value="true"/><property name="java.io.tmpdir" value="C:\Users\DEVPAT~1\AppData\Local\Temp\"/><property name="java.version" value="19.0.2"/><property name="java.vm.specification.name" value="Java Virtual Machine Specification"/><property name="sun.os.patch.level" value=""/><property name="native.encoding" value="Cp1252"/><property name="java.library.path" value="C:\Program Files\Java\jdk-19\bin;C:\Windows\Sun\Java\bin;C:\Windows\system32;C:\Windows;C:\Program Files\Common Files\Oracle\Java\javapath;C:\Program Files\NVIDIA GPU Computing Toolkit\CUDA\v12.6\bin;C:\Program Files\NVIDIA GPU Computing Toolkit\CUDA\v12.6\libnvvp;C:\Program Files\Microsoft MPI\Bin\;C:\Program Files\Eclipse Adoptium\jdk-21.0.4.7-hotspot\bin;C:\Windows\system32;C:\Windows;C:\Windows\System32\Wbem;C:\Windows\System32\WindowsPowerShell\v1.0\;C:\Windows\System32\OpenSSH\;C:\Program Files\NVIDIA Corporation\NVIDIA NvDLISR;C:\Program Files\Git\cmd;C:\Program Files (x86)\sbt\bin;C:\Program Files\Docker\Docker\resources\bin;C:\Program Files\NVIDIA Corporation\Nsight Compute 2024.3.2\;C:\Program Files (x86)\NVIDIA Corporation\PhysX\Common;C:\Users\Dev Patel\AppData\Local\Programs\Python\Python312\python.exe;C:\Users\Dev Patel\AppData\Local\Programs\Python\Python312\Scripts\;C:\Users\Dev Patel\AppData\Local\Programs\Python\Python312\;;."/><property name="stderr.encoding" value="cp437"/><property name="java.vendor" value="Oracle Corporation"/><property name="scala.ext.dirs" value="C:\Users\Dev Patel\.sbt\1.0\java9-rt-ext-oracle_corporation_19_0_2"/><property name="sun.io.unicode.encoding" value="UnicodeLittle"/><property name="java.class.path" value="C:\Program Files (x86)\sbt\\bin\sbt-launch.jar"/><property name="java.vm.vendor" value="Oracle Corporation"/><property name="user.variant" value=""/><property name="jline.shutdownhook" value="false"/><property name="user.timezone" value="America/New_York"/><property name="java.vm.specification.version" value="19"/><property name="os.name" value="Windows 11"/><property name="sun.java.launcher" value="SUN_STANDARD"/><property name="user.country" value="IN"/><property name="sun.cpu.endian" value="little"/><property name="user.home" value="C:\Users\Dev Patel"/><property name="user.language" value="en"/><property name="sbt.ipcsocket.tmpdir" value="C:\Users\DEVPAT~1\AppData\Local\Temp\.sbtf9ebd4bd\ipcsocket"/><property name="swoval.tmpdir" value="C:\Users\DEVPAT~1\AppData\Local\Temp\.sbtf9ebd4bd\swoval"/><property name="jline.esc.timeout" value="0"/><property name="stdout.encoding" value="cp437"/><property name="path.separator" value=";"/><property name="os.version" value="10.0"/><property name="jna.nosys" value="true"/><property name="java.runtime.name" value="Java(TM) SE Runtime Environment"/><property name="java.vm.name" value="Java HotSpot(TM) 64-Bit Server VM"/><property name="java.vendor.url.bug" value="https://bugreport.java.com/bugreport/"/><property name="user.dir" value="C:\Users\Dev Patel\Desktop\Dhruvil\APP_Project_task_2"/><property name="os.arch" value="amd64"/><property name="java.vm.info" value="mixed mode, sharing"/><property name="java.vm.version" value="19.0.2+7-44"/><property name="java.class.version" value="63.0"/>
    </properties>
          <testcase classname="controllers.HomeControllerTest" name="testIndexWithEmptySession" time="2.915">
                      
                    </testcase><testcase classname="controllers.HomeControllerTest" name="testShowTagsSuccess" time="0.151">
                      
                    </testcase><testcase classname="controllers.HomeControllerTest" name="testShowTagsIOException" time="0.094">
                      
                    </testcase><testcase classname="controllers.HomeControllerTest" name="testChannelProfileWithIOException" time="0.085">
                      
                    </testcase><testcase classname="controllers.HomeControllerTest" name="testChannelProfileWithGenericException" time="0.216">
                      
                    </testcase><testcase classname="controllers.HomeControllerTest" name="testChannelProfileWithInvalidChannelId" time="0.118">
                      
                    </testcase><testcase classname="controllers.HomeControllerTest" name="testGetWordStatsIOException" time="0.121">
                      
                    </testcase><testcase classname="controllers.HomeControllerTest" name="testSearchWebSocket" time="0.094">
                      
                    </testcase><testcase classname="controllers.HomeControllerTest" name="testGetWordStats" time="0.079">
                      
                    </testcase><testcase classname="controllers.HomeControllerTest" name="testClearHistory" time="0.144">
                      
                    </testcase><testcase classname="controllers.HomeControllerTest" name="testChannelProfileWithValidChannelId" time="0.096">
                      
                    </testcase>
          <system-out><![CDATA[]]></system-out>
          <system-err><![CDATA[]]></system-err>
        </testsuite>